In file included from ../src/bufferutil.cc:17:
In file included from ../../../../../../nan/nan.h:2884:
../../../../../../nan/nan_typedarray_contents.h:34:43: warning: 'GetContents' is deprecated: Use GetBackingStore. See http://crbug.com/v8/9908. [-Wdeprecated-declarations]
      data   = static_cast<char*>(buffer->GetContents().Data()) + byte_offset;
                                          ^
/Users/karen.rodriguez/Library/Caches/node-gyp/14.17.5/include/node/v8.h:5272:3: note: 'GetContents' has been explicitly marked deprecated here
  V8_DEPRECATE_SOON("Use GetBackingStore. See http://crbug.com/v8/9908.")
  ^
/Users/karen.rodriguez/Library/Caches/node-gyp/14.17.5/include/node/v8config.h:402:39: note: expanded from macro 'V8_DEPRECATE_SOON'
# define V8_DEPRECATE_SOON(message) [[deprecated(message)]]
                                      ^
../src/bufferutil.cc:34:86: error: too few arguments to function call, single argument 'context' was not specified
    Nan::Set(target, Nan::New<String>("BufferUtil").ToLocalChecked(), t->GetFunction());
                                                                      ~~~~~~~~~~~~~~ ^
/Users/karen.rodriguez/Library/Caches/node-gyp/14.17.5/include/node/v8.h:6482:46: note: 'GetFunction' declared here
  V8_WARN_UNUSED_RESULT MaybeLocal<Function> GetFunction(
                                             ^
../src/bufferutil.cc:34:5: error: no matching function for call to 'Set'
    Nan::Set(target, Nan::New<String>("BufferUtil").ToLocalChecked(), t->GetFunction());
    ^~~~~~~~
../../../../../../nan/nan_maybe_43_inl.h:74:20: note: candidate function not viable: no known conversion from 'MaybeLocal<v8::Function>' to 'v8::Local<v8::Value>' for 3rd argument
inline Maybe<bool> Set(
                   ^
../../../../../../nan/nan_maybe_43_inl.h:83:20: note: candidate function not viable: no known conversion from 'Local<v8::String>' to 'uint32_t' (aka 'unsigned int') for 2nd argument
inline Maybe<bool> Set(
                   ^
../src/bufferutil.cc:50:49: error: too few arguments to function call, single argument 'context' was not specified
    Local<Object> bufferObj = info[0]->ToObject();
                              ~~~~~~~~~~~~~~~~~ ^
/Users/karen.rodriguez/Library/Caches/node-gyp/14.17.5/include/node/v8.h:2822:44: note: 'ToObject' declared here
  V8_WARN_UNUSED_RESULT MaybeLocal<Object> ToObject(
                                           ^
../src/bufferutil.cc:50:19: error: no viable conversion from 'MaybeLocal<v8::Object>' to 'Local<v8::Object>'
    Local<Object> bufferObj = info[0]->ToObject();
                  ^           ~~~~~~~~~~~~~~~~~~~
/Users/karen.rodriguez/Library/Caches/node-gyp/14.17.5/include/node/v8.h:190:7: note: candidate constructor (the implicit copy constructor) not viable: no known conversion from 'MaybeLocal<v8::Object>' to 'const v8::Local<v8::Object> &' for 1st argument
class Local {
      ^
/Users/karen.rodriguez/Library/Caches/node-gyp/14.17.5/include/node/v8.h:190:7: note: candidate constructor (the implicit move constructor) not viable: no known conversion from 'MaybeLocal<v8::Object>' to 'v8::Local<v8::Object> &&' for 1st argument
/Users/karen.rodriguez/Library/Caches/node-gyp/14.17.5/include/node/v8.h:194:13: note: candidate template ignored: could not match 'Local' against 'MaybeLocal'
  V8_INLINE Local(Local<S> that)
            ^
/Users/karen.rodriguez/Library/Caches/node-gyp/14.17.5/include/node/v8.h:337:22: note: explicit constructor is not a candidate
  explicit V8_INLINE Local(T* that) : val_(that) {}
                     ^
../src/bufferutil.cc:57:34: error: no matching member function for call to 'Get'
      Local<Object> src = array->Get(i)->ToObject();
                          ~~~~~~~^~~
/Users/karen.rodriguez/Library/Caches/node-gyp/14.17.5/include/node/v8.h:3717:43: note: candidate function not viable: requires 2 arguments, but 1 was provided
  V8_WARN_UNUSED_RESULT MaybeLocal<Value> Get(Local<Context> context,
                                          ^
/Users/karen.rodriguez/Library/Caches/node-gyp/14.17.5/include/node/v8.h:3720:43: note: candidate function not viable: requires 2 arguments, but 1 was provided
  V8_WARN_UNUSED_RESULT MaybeLocal<Value> Get(Local<Context> context,
                                          ^
../src/bufferutil.cc:68:50: error: too few arguments to function call, single argument 'context' was not specified
    Local<Object> buffer_obj = info[0]->ToObject();
                               ~~~~~~~~~~~~~~~~~ ^
/Users/karen.rodriguez/Library/Caches/node-gyp/14.17.5/include/node/v8.h:2822:44: note: 'ToObject' declared here
  V8_WARN_UNUSED_RESULT MaybeLocal<Object> ToObject(
                                           ^
../src/bufferutil.cc:68:19: error: no viable conversion from 'MaybeLocal<v8::Object>' to 'Local<v8::Object>'
    Local<Object> buffer_obj = info[0]->ToObject();
                  ^            ~~~~~~~~~~~~~~~~~~~
/Users/karen.rodriguez/Library/Caches/node-gyp/14.17.5/include/node/v8.h:190:7: note: candidate constructor (the implicit copy constructor) not viable: no known conversion from 'MaybeLocal<v8::Object>' to 'const v8::Local<v8::Object> &' for 1st argument
class Local {
      ^
/Users/karen.rodriguez/Library/Caches/node-gyp/14.17.5/include/node/v8.h:190:7: note: candidate constructor (the implicit move constructor) not viable: no known conversion from 'MaybeLocal<v8::Object>' to 'v8::Local<v8::Object> &&' for 1st argument
/Users/karen.rodriguez/Library/Caches/node-gyp/14.17.5/include/node/v8.h:194:13: note: candidate template ignored: could not match 'Local' against 'MaybeLocal'
  V8_INLINE Local(Local<S> that)
            ^
/Users/karen.rodriguez/Library/Caches/node-gyp/14.17.5/include/node/v8.h:337:22: note: explicit constructor is not a candidate
  explicit V8_INLINE Local(T* that) : val_(that) {}
                     ^
../src/bufferutil.cc:70:48: error: too few arguments to function call, single argument 'context' was not specified
    Local<Object> mask_obj = info[1]->ToObject();
                             ~~~~~~~~~~~~~~~~~ ^
/Users/karen.rodriguez/Library/Caches/node-gyp/14.17.5/include/node/v8.h:2822:44: note: 'ToObject' declared here
  V8_WARN_UNUSED_RESULT MaybeLocal<Object> ToObject(
                                           ^
../src/bufferutil.cc:70:19: error: no viable conversion from 'MaybeLocal<v8::Object>' to 'Local<v8::Object>'
    Local<Object> mask_obj = info[1]->ToObject();
                  ^          ~~~~~~~~~~~~~~~~~~~
/Users/karen.rodriguez/Library/Caches/node-gyp/14.17.5/include/node/v8.h:190:7: note: candidate constructor (the implicit copy constructor) not viable: no known conversion from 'MaybeLocal<v8::Object>' to 'const v8::Local<v8::Object> &' for 1st argument
class Local {
      ^
/Users/karen.rodriguez/Library/Caches/node-gyp/14.17.5/include/node/v8.h:190:7: note: candidate constructor (the implicit move constructor) not viable: no known conversion from 'MaybeLocal<v8::Object>' to 'v8::Local<v8::Object> &&' for 1st argument
/Users/karen.rodriguez/Library/Caches/node-gyp/14.17.5/include/node/v8.h:194:13: note: candidate template ignored: could not match 'Local' against 'MaybeLocal'
  V8_INLINE Local(Local<S> that)
            ^
/Users/karen.rodriguez/Library/Caches/node-gyp/14.17.5/include/node/v8.h:337:22: note: explicit constructor is not a candidate
  explicit V8_INLINE Local(T* that) : val_(that) {}
                     ^
../src/bufferutil.cc:89:50: error: too few arguments to function call, single argument 'context' was not specified
    Local<Object> buffer_obj = info[0]->ToObject();
                               ~~~~~~~~~~~~~~~~~ ^
/Users/karen.rodriguez/Library/Caches/node-gyp/14.17.5/include/node/v8.h:2822:44: note: 'ToObject' declared here
  V8_WARN_UNUSED_RESULT MaybeLocal<Object> ToObject(
                                           ^
../src/bufferutil.cc:89:19: error: no viable conversion from 'MaybeLocal<v8::Object>' to 'Local<v8::Object>'
    Local<Object> buffer_obj = info[0]->ToObject();
                  ^            ~~~~~~~~~~~~~~~~~~~
/Users/karen.rodriguez/Library/Caches/node-gyp/14.17.5/include/node/v8.h:190:7: note: candidate constructor (the implicit copy constructor) not viable: no known conversion from 'MaybeLocal<v8::Object>' to 'const v8::Local<v8::Object> &' for 1st argument
class Local {
      ^
/Users/karen.rodriguez/Library/Caches/node-gyp/14.17.5/include/node/v8.h:190:7: note: candidate constructor (the implicit move constructor) not viable: no known conversion from 'MaybeLocal<v8::Object>' to 'v8::Local<v8::Object> &&' for 1st argument
/Users/karen.rodriguez/Library/Caches/node-gyp/14.17.5/include/node/v8.h:194:13: note: candidate template ignored: could not match 'Local' against 'MaybeLocal'
  V8_INLINE Local(Local<S> that)
            ^
/Users/karen.rodriguez/Library/Caches/node-gyp/14.17.5/include/node/v8.h:337:22: note: explicit constructor is not a candidate
  explicit V8_INLINE Local(T* that) : val_(that) {}
                     ^
../src/bufferutil.cc:90:48: error: too few arguments to function call, single argument 'context' was not specified
    Local<Object> mask_obj = info[1]->ToObject();
                             ~~~~~~~~~~~~~~~~~ ^
/Users/karen.rodriguez/Library/Caches/node-gyp/14.17.5/include/node/v8.h:2822:44: note: 'ToObject' declared here
  V8_WARN_UNUSED_RESULT MaybeLocal<Object> ToObject(
                                           ^
../src/bufferutil.cc:90:19: error: no viable conversion from 'MaybeLocal<v8::Object>' to 'Local<v8::Object>'
    Local<Object> mask_obj = info[1]->ToObject();
                  ^          ~~~~~~~~~~~~~~~~~~~
/Users/karen.rodriguez/Library/Caches/node-gyp/14.17.5/include/node/v8.h:190:7: note: candidate constructor (the implicit copy constructor) not viable: no known conversion from 'MaybeLocal<v8::Object>' to 'const v8::Local<v8::Object> &' for 1st argument
class Local {
      ^
/Users/karen.rodriguez/Library/Caches/node-gyp/14.17.5/include/node/v8.h:190:7: note: candidate constructor (the implicit move constructor) not viable: no known conversion from 'MaybeLocal<v8::Object>' to 'v8::Local<v8::Object> &&' for 1st argument
/Users/karen.rodriguez/Library/Caches/node-gyp/14.17.5/include/node/v8.h:194:13: note: candidate template ignored: could not match 'Local' against 'MaybeLocal'
  V8_INLINE Local(Local<S> that)
            ^
/Users/karen.rodriguez/Library/Caches/node-gyp/14.17.5/include/node/v8.h:337:22: note: explicit constructor is not a candidate
  explicit V8_INLINE Local(T* that) : val_(that) {}
                     ^
../src/bufferutil.cc:92:50: error: too few arguments to function call, single argument 'context' was not specified
    Local<Object> output_obj = info[2]->ToObject();
                               ~~~~~~~~~~~~~~~~~ ^
/Users/karen.rodriguez/Library/Caches/node-gyp/14.17.5/include/node/v8.h:2822:44: note: 'ToObject' declared here
  V8_WARN_UNUSED_RESULT MaybeLocal<Object> ToObject(
                                           ^
../src/bufferutil.cc:92:19: error: no viable conversion from 'MaybeLocal<v8::Object>' to 'Local<v8::Object>'
    Local<Object> output_obj = info[2]->ToObject();
                  ^            ~~~~~~~~~~~~~~~~~~~
/Users/karen.rodriguez/Library/Caches/node-gyp/14.17.5/include/node/v8.h:190:7: note: candidate constructor (the implicit copy constructor) not viable: no known conversion from 'MaybeLocal<v8::Object>' to 'const v8::Local<v8::Object> &' for 1st argument
class Local {
      ^
/Users/karen.rodriguez/Library/Caches/node-gyp/14.17.5/include/node/v8.h:190:7: note: candidate constructor (the implicit move constructor) not viable: no known conversion from 'MaybeLocal<v8::Object>' to 'v8::Local<v8::Object> &&' for 1st argument
/Users/karen.rodriguez/Library/Caches/node-gyp/14.17.5/include/node/v8.h:194:13: note: candidate template ignored: could not match 'Local' against 'MaybeLocal'
  V8_INLINE Local(Local<S> that)
            ^
/Users/karen.rodriguez/Library/Caches/node-gyp/14.17.5/include/node/v8.h:337:22: note: explicit constructor is not a candidate
  explicit V8_INLINE Local(T* that) : val_(that) {}
                     ^
../src/bufferutil.cc:93:51: error: too few arguments to function call, single argument 'context' was not specified
    unsigned int dataOffset = info[3]->Int32Value();
                              ~~~~~~~~~~~~~~~~~~~ ^
/Users/karen.rodriguez/Library/Caches/node-gyp/14.17.5/include/node/v8.h:2869:40: note: 'Int32Value' declared here
  V8_WARN_UNUSED_RESULT Maybe<int32_t> Int32Value(Local<Context> context) const;
                                       ^
../src/bufferutil.cc:93:18: error: no viable conversion from 'Maybe<int32_t>' (aka 'Maybe<int>') to 'unsigned int'
    unsigned int dataOffset = info[3]->Int32Value();
                 ^            ~~~~~~~~~~~~~~~~~~~~~
../src/bufferutil.cc:94:47: error: too few arguments to function call, single argument 'context' was not specified
    unsigned int length = info[4]->Int32Value();
                          ~~~~~~~~~~~~~~~~~~~ ^
/Users/karen.rodriguez/Library/Caches/node-gyp/14.17.5/include/node/v8.h:2869:40: note: 'Int32Value' declared here
  V8_WARN_UNUSED_RESULT Maybe<int32_t> Int32Value(Local<Context> context) const;
                                       ^
../src/bufferutil.cc:94:18: error: no viable conversion from 'Maybe<int32_t>' (aka 'Maybe<int>') to 'unsigned int'
    unsigned int length = info[4]->Int32Value();
                 ^        ~~~~~~~~~~~~~~~~~~~~~
1 warning and 19 errors generated.
make: *** [Release/obj.target/bufferutil/src/bufferutil.o] Error 1
gyp ERR! build error 
gyp ERR! stack Error: `make` failed with exit code: 2
gyp ERR! stack     at ChildProcess.onExit (/usr/local/lib/node_modules/npm/node_modules/node-gyp/lib/build.js:194:23)
gyp ERR! stack     at ChildProcess.emit (events.js:400:28)
gyp ERR! stack     at Process.ChildProcess._handle.onexit (internal/child_process.js:277:12)
gyp ERR! System Darwin 21.1.0
gyp ERR! command "/usr/local/bin/node" "/usr/local/lib/node_modules/npm/node_modules/node-gyp/bin/node-gyp.js" "rebuild"
gyp ERR! cwd /Users/karen.rodriguez/Desktop/blocks/bloinx-web/client/node_modules/truffle-hdwallet-provider/node_modules/web3-providers-ws/node_modules/websocket
gyp ERR! node -v v14.17.5
gyp ERR! node-gyp -v v5.1.0
gyp ERR! not ok 
